2023-04-06T14:46:26.951Z
cwd: ~/Documents/prototypes/vcf-sw-career-development-prototype
package: govuk-prototype-kit@13.6.0
argv: /usr/local/bin/node ~/.npm/_npx/751a68202a4807b7/node_modules/.bin/govuk-prototype-kit migrate
Started [Check migration is being applied to a pre v13 prototype]
Succeeded [Check migration is being applied to a pre v13 prototype]
2023-04-06T14:46:31.630Z
cwd: ~/Documents/prototypes/vcf-sw-career-development-prototype
package: govuk-prototype-kit@13.6.0
argv: /usr/local/bin/node ~/Documents/prototypes/vcf-sw-career-development-prototype/node_modules/.bin/govuk-prototype-kit migrate -- ~/Documents/prototypes/vcf-sw-career-development-prototype
Started [Migrate config.js to config.json]
Started [Update application SCSS file]
Started [Deleted files that are no longer needed]
Started [Deleted directories that are no longer needed]
Started [Delete listen-on-port.js]
Started [Delete server.js]
Started [Delete start.js]
Started [Delete Procfile]
Started [Delete VERSION.txt]
Started [Delete app/assets/sass/application-ie8.scss]
Started [Delete app/assets/sass/unbranded-ie8.scss]
Started [Remove unused directory lib]
Started [Remove unused directory docs]
Started [Remove unused directory public]
Succeeded [Migrate config.js to config.json]
Succeeded [Delete listen-on-port.js]
Succeeded [Delete server.js]
Succeeded [Delete start.js]
Succeeded [Delete app/assets/sass/unbranded-ie8.scss]
Succeeded [Delete Procfile]
Succeeded [Delete VERSION.txt]
Succeeded [Delete app/assets/sass/application-ie8.scss]
Succeeded [Deleted files that are no longer needed]
Found [// Add your routes here - above the module.exports line] in [app/routes.js], replacing
Started [Overwrite app/views/layout.html]
Started [Overwrite app/assets/javascripts/application.js]
Started [Overwrite app/filters.js]
Keeping these lines from old file
Found [// Add extra styles here, or re-organise the Sass files in whichever way makes most sense to you] in [app/assets/sass/application.scss], replacing
Copying from [node_modules/govuk-prototype-kit/prototype-starter/app/assets/javascripts/application.js] to [app/assets/javascripts/application.js]
Started [Update app/filters.js]
Started [Delete app/assets/images/separator-2x.png]
Started [Delete app/assets/javascripts/auto-store-data.js]
Started [Delete app/assets/images/separator.png]
Started [Delete app/views/layout_unbranded.html]
Started [Delete app/assets/sass/patterns/_contents-list.scss]
Started [Delete app/views/includes/breadcrumb_examples.html]
Started [Delete app/assets/sass/unbranded.scss]
Started [Delete app/assets/sass/patterns/_mainstream-guide.scss]
Started [Delete app/assets/images/unbranded.ico]
Started [Delete app/assets/javascripts/jquery-1.11.3.js]
Started [Delete app/assets/sass/patterns/_pagination.scss]
Started [Delete app/assets/sass/patterns/_step-by-step-related.scss]
Started [Delete app/assets/sass/patterns/_step-by-step-nav.scss]
Started [Delete app/assets/sass/patterns/_step-by-step-header.scss]
Started [Delete app/assets/sass/patterns/_related-items.scss]
Started [Delete app/assets/sass/patterns/_task-list.scss]
Keeping these lines from old file
Failed [Delete app/assets/sass/patterns/_step-by-step-nav.scss]
Succeeded [Delete app/assets/images/separator.png]
Succeeded [Delete app/assets/javascripts/auto-store-data.js]
Succeeded [Delete app/assets/sass/patterns/_contents-list.scss]
Succeeded [Delete app/assets/sass/unbranded.scss]
Succeeded [Delete app/assets/images/unbranded.ico]
Succeeded [Delete app/assets/sass/patterns/_mainstream-guide.scss]
Succeeded [Delete app/assets/images/separator-2x.png]
Succeeded [Delete app/assets/javascripts/jquery-1.11.3.js]
Succeeded [Delete app/assets/sass/patterns/_pagination.scss]
Succeeded [Delete app/assets/sass/patterns/_step-by-step-related.scss]
Succeeded [Delete app/views/includes/breadcrumb_examples.html]
Started [Delete app/views/includes/head.html]
Started [Delete app/views/includes/scripts.html]
Succeeded [Delete app/assets/sass/patterns/_step-by-step-header.scss]
Succeeded [Delete app/assets/sass/patterns/_related-items.scss]
Succeeded [Delete app/assets/sass/patterns/_task-list.scss]
Succeeded [Update application SCSS file]
Succeeded [Delete app/views/layout_unbranded.html]
Failed [Delete app/views/includes/head.html]
//,// For guidance on how to create routes see:,// https://prototype-kit.service.gov.uk/docs/create-routes,//,,const govukPrototypeKit = require('govuk-prototype-kit'),const router = govukPrototypeKit.requests.setupRouter(),,// Add your routes here,,// Handle cookies being accepted/rejected on cookies page,router.post('/cookies-set', function (req, res) {,  // Make a variable and give it the value from 'analytics-cookies',  var cookiesChanged = req.session.data['analytics-cookies'],  // Check whether the variable matches a condition,  if (cookiesChanged == "yes"){,    // Send user back to page with cookies on,    res.redirect('/supporting-pages/cookies?cookies=yes'),  } else {,    // Send user back to page with cookies on,    res.redirect('/supporting-pages/cookies?cookies=no'),  },}),,// Handle cookies being accepted/rejected on cookies header,router.post('/cookies-banner-set', function (req, res) {,  // Make a variable and give it the value from 'analytics-cookies',  var cookiesAccepted = req.session.data['cookies-banner'],  // Check whether the variable matches a condition,  if (cookiesAccepted == "accept"){,    // Send user back to page with cookies on,    res.redirect('/supporting-pages/header-footer-cookie-banner?cookies=accept'),  } else {,    // Send user back to page with cookies on,    res.redirect('/supporting-pages/header-footer-cookie-banner?cookies=reject'),  },}),,module.exports = router,
Succeeded [Delete app/views/includes/scripts.html]
Found [module.exports = router;,module.exports = router] in [app/routes.js], removing
Succeeded [Remove unused directory public]
Succeeded [Remove unused directory lib]
Succeeded [Update routes file]
Succeeded [Update app/filters.js]
Succeeded [Overwrite app/filters.js]
Succeeded [Remove unused directory docs]
Succeeded [Deleted directories that are no longer needed]
Succeeded [Overwrite app/assets/javascripts/application.js]
Started [Remove old pattern includes from application SCSS file]
Succeeded [Remove old pattern includes from application SCSS file]
Started [Remove empty directory app/assets/sass/patterns]
Started [Remove empty directory app/assets/images]
Started [Remove empty directory app/views/includes]
Skipped deleting app/assets/sass/patterns
Skipped deleting app/assets/images
Skipped deleting app/views/includes
2023-04-06T14:48:47.642Z
cwd: ~/Documents/prototypes/vcf-sw-career-development-prototype
package: govuk-prototype-kit@13.6.0
argv: /usr/local/bin/node ~/Documents/prototypes/vcf-sw-career-development-prototype/node_modules/.bin/govuk-prototype-kit migrate
Started [Check migration is being applied to a pre v13 prototype]
Failed [Check migration is being applied to a pre v13 prototype]
